d:\visual_studio_projects\c++\opencv_inbetweens\opencv_inbetweens\x64\debug\vc141.pdb
d:\visual_studio_projects\c++\opencv_inbetweens\opencv_inbetweens\x64\debug\vc141.idb
d:\visual_studio_projects\c++\opencv_inbetweens\opencv_inbetweens\x64\debug\vgg.obj
d:\visual_studio_projects\c++\opencv_inbetweens\opencv_inbetweens\x64\debug\surf.ocl.obj
d:\visual_studio_projects\c++\opencv_inbetweens\opencv_inbetweens\x64\debug\surf.cuda.obj
d:\visual_studio_projects\c++\opencv_inbetweens\opencv_inbetweens\x64\debug\surf.obj
d:\visual_studio_projects\c++\opencv_inbetweens\opencv_inbetweens\x64\debug\stardetector.obj
d:\visual_studio_projects\c++\opencv_inbetweens\opencv_inbetweens\x64\debug\sift.obj
d:\visual_studio_projects\c++\opencv_inbetweens\opencv_inbetweens\x64\debug\pct_signatures_sqfd.obj
d:\visual_studio_projects\c++\opencv_inbetweens\opencv_inbetweens\x64\debug\pct_signatures.obj
d:\visual_studio_projects\c++\opencv_inbetweens\opencv_inbetweens\x64\debug\msd.obj
d:\visual_studio_projects\c++\opencv_inbetweens\opencv_inbetweens\x64\debug\lucid.obj
d:\visual_studio_projects\c++\opencv_inbetweens\opencv_inbetweens\x64\debug\latch.obj
d:\visual_studio_projects\c++\opencv_inbetweens\opencv_inbetweens\x64\debug\harris_lapace_detector.obj
d:\visual_studio_projects\c++\opencv_inbetweens\opencv_inbetweens\x64\debug\gms.obj
d:\visual_studio_projects\c++\opencv_inbetweens\opencv_inbetweens\x64\debug\freak.obj
d:\visual_studio_projects\c++\opencv_inbetweens\opencv_inbetweens\x64\debug\fast.obj
d:\visual_studio_projects\c++\opencv_inbetweens\opencv_inbetweens\x64\debug\elliptickeypoint.obj
d:\visual_studio_projects\c++\opencv_inbetweens\opencv_inbetweens\x64\debug\daisy.obj
d:\visual_studio_projects\c++\opencv_inbetweens\opencv_inbetweens\x64\debug\brief.obj
d:\visual_studio_projects\c++\opencv_inbetweens\opencv_inbetweens\x64\debug\boostdesc.obj
d:\visual_studio_projects\c++\opencv_inbetweens\opencv_inbetweens\x64\debug\affine_feature2d.obj
d:\visual_studio_projects\c++\opencv_inbetweens\opencv_inbetweens\x64\debug\opencv_inbetweens.obj
d:\visual_studio_projects\c++\opencv_inbetweens\opencv_inbetweens\x64\debug\xfeatures2d_init.obj
d:\visual_studio_projects\c++\opencv_inbetweens\x64\debug\opencv_inbetweens.pdb
d:\visual_studio_projects\c++\opencv_inbetweens\opencv_inbetweens\x64\debug\opencv_i.89f75006.tlog\cl.command.1.tlog
d:\visual_studio_projects\c++\opencv_inbetweens\opencv_inbetweens\x64\debug\opencv_i.89f75006.tlog\cl.read.1.tlog
d:\visual_studio_projects\c++\opencv_inbetweens\opencv_inbetweens\x64\debug\opencv_i.89f75006.tlog\cl.write.1.tlog
d:\visual_studio_projects\c++\opencv_inbetweens\opencv_inbetweens\x64\debug\opencv_i.89f75006.tlog\link-cvtres.read.1.tlog
d:\visual_studio_projects\c++\opencv_inbetweens\opencv_inbetweens\x64\debug\opencv_i.89f75006.tlog\link-cvtres.write.1.tlog
d:\visual_studio_projects\c++\opencv_inbetweens\opencv_inbetweens\x64\debug\opencv_i.89f75006.tlog\link-rc.read.1.tlog
d:\visual_studio_projects\c++\opencv_inbetweens\opencv_inbetweens\x64\debug\opencv_i.89f75006.tlog\link-rc.write.1.tlog
d:\visual_studio_projects\c++\opencv_inbetweens\opencv_inbetweens\x64\debug\opencv_i.89f75006.tlog\link.command.1.tlog
d:\visual_studio_projects\c++\opencv_inbetweens\opencv_inbetweens\x64\debug\opencv_i.89f75006.tlog\link.read.1.tlog
d:\visual_studio_projects\c++\opencv_inbetweens\opencv_inbetweens\x64\debug\opencv_i.89f75006.tlog\link.write.1.tlog
